<?xml version="1.0" encoding="UTF-8" ?>
<testsuite errors="0" failures="1" hostname="go-away.lan" name="org.genepattern.gpunit.test.BatchModuleTest" skipped="0" tests="2" time="807.135" timestamp="2022-04-29T22:13:39">
  <properties>
[...]
</properties>
  <testcase classname="org.genepattern.gpunit.test.BatchModuleTest" name="gpunit[Amplicon.Architect_difftest_v1_2]" time="762.732">
    <failure message="job #87792, Expecting result file named &apos;TESTX_H7YRLADXX_S1_L001.cs.rmdup.bam&apos;" type="junit.framework.AssertionFailedError">junit.framework.AssertionFailedError: job #87792, Expecting result file named &apos;TESTX_H7YRLADXX_S1_L001.cs.rmdup.bam&apos;
	at org.genepattern.gpunit.validator.JobResultValidatorGeneric.validate(JobResultValidatorGeneric.java:342)
	at org.genepattern.gpunit.exec.rest.RestClientUtil.runTest(RestClientUtil.java:71)
	at org.genepattern.gpunit.test.BatchModuleTest.runTest(BatchModuleTest.java:14)
	at org.genepattern.gpunit.test.AbstractBatchModuleTest.gpunit(AbstractBatchModuleTest.java:268)
	at java.base/jdk.internal.reflect.DirectMethodHandleAccessor.invoke(DirectMethodHandleAccessor.java:104)
</failure>
  </testcase>
  <testcase classname="org.genepattern.gpunit.test.BatchModuleTest" name="gpunit[Amplicon.Architect_difftest_v1]" time="807.099" />
  <system-out><![CDATA[]]></system-out>
  <system-err><![CDATA[]]></system-err>
</testsuite>
